CRUD/app/build/intermediates/manifest_merge_blame_file/debug/manifest-merger-blame-debug-report.txt
1<?xml version="1.0" encoding="utf-8"?>
2<manifest xmlns:android="http://schemas.android.com/apk/res/android"
3    package="com.example.crud"
4    android:versionCode="1"
5    android:versionName="1.0" >
6
7    <uses-sdk
8        android:minSdkVersion="23"
8-->src\main\AndroidManifest.xml
9        android:targetSdkVersion="30" />
9-->src\main\AndroidManifest.xml
10
11    <uses-permission android:name="android.permission.WAKE_LOCK" />
11-->src\main\AndroidManifest.xml:5:5-68
11-->src\main\AndroidManifest.xml:5:22-65
12
13    <uses-feature android:name="android.hardware.type.watch" />
13-->src\main\AndroidManifest.xml:7:5-64
13-->src\main\AndroidManifest.xml:7:19-61
14
15    <!-- Although the *SdkVersion is captured in gradle build files, this is required for non gradle builds -->
16    <!-- <uses-sdk android:minSdkVersion="14"/> -->
17    <uses-permission android:name="android.permission.ACCESS_NETWORK_STATE" />
17-->[com.google.firebase:firebase-database:19.6.0] AndroidManifest.xml:25:5-79
17-->[com.google.firebase:firebase-database:19.6.0] AndroidManifest.xml:25:22-76
18    <uses-permission android:name="android.permission.INTERNET" />
18-->[com.google.firebase:firebase-database:19.6.0] AndroidManifest.xml:26:5-67
18-->[com.google.firebase:firebase-database:19.6.0] AndroidManifest.xml:26:22-64
19
20    <application
20-->src\main\AndroidManifest.xml:9:5-33:19
21        android:allowBackup="true"
21-->src\main\AndroidManifest.xml:10:9-35
22        android:appComponentFactory="androidx.core.app.CoreComponentFactory"
22-->[androidx.core:core:1.3.2] AndroidManifest.xml:24:18-86
23        android:debuggable="true"
24        android:extractNativeLibs="false"
25        android:icon="@mipmap/ic_launcher"
25-->src\main\AndroidManifest.xml:11:9-43
26        android:label="@string/app_name"
26-->src\main\AndroidManifest.xml:12:9-41
27        android:roundIcon="@mipmap/ic_launcher_round"
27-->src\main\AndroidManifest.xml:13:9-54
28        android:supportsRtl="true"
28-->src\main\AndroidManifest.xml:14:9-35
29        android:testOnly="true"
30        android:theme="@style/Theme.CRUD" >
30-->src\main\AndroidManifest.xml:15:9-42
31
32        <!--
33               Set to true if your app is Standalone, that is, it does not require the handheld
34               app to run.
35        -->
36        <meta-data
36-->src\main\AndroidManifest.xml:20:9-22:36
37            android:name="com.google.android.wearable.standalone"
37-->src\main\AndroidManifest.xml:21:13-66
38            android:value="true" />
38-->src\main\AndroidManifest.xml:22:13-33
39
40        <activity android:name="com.example.crud.MainActivity" >
40-->src\main\AndroidManifest.xml:25:9-31:20
40-->src\main\AndroidManifest.xml:25:19-47
41            <intent-filter>
41-->src\main\AndroidManifest.xml:26:13-30:29
42                <action android:name="android.intent.action.MAIN" />
42-->src\main\AndroidManifest.xml:27:17-69
42-->src\main\AndroidManifest.xml:27:25-66
43
44                <category android:name="android.intent.category.LAUNCHER" />
44-->src\main\AndroidManifest.xml:29:17-77
44-->src\main\AndroidManifest.xml:29:27-74
45            </intent-filter>
46        </activity>
47        <activity android:name="com.example.crud.show" />
47-->src\main\AndroidManifest.xml:32:9-51
47-->src\main\AndroidManifest.xml:32:19-39
48
49        <service
49-->[com.google.firebase:firebase-database:19.6.0] AndroidManifest.xml:29:9-35:19
50            android:name="com.google.firebase.components.ComponentDiscoveryService"
50-->[com.google.firebase:firebase-database:19.6.0] AndroidManifest.xml:30:13-84
51            android:directBootAware="true"
51-->[com.google.firebase:firebase-common:19.5.0] AndroidManifest.xml:35:13-43
52            android:exported="false" >
52-->[com.google.firebase:firebase-database:19.6.0] AndroidManifest.xml:31:13-37
53            <meta-data
53-->[com.google.firebase:firebase-database:19.6.0] AndroidManifest.xml:32:13-34:85
54                android:name="com.google.firebase.components:com.google.firebase.database.DatabaseRegistrar"
54-->[com.google.firebase:firebase-database:19.6.0] AndroidManifest.xml:33:17-109
55                android:value="com.google.firebase.components.ComponentRegistrar" />
55-->[com.google.firebase:firebase-database:19.6.0] AndroidManifest.xml:34:17-82
56            <!--
57                This registrar is not defined in the dynamic-module-support sdk itself to allow non-firebase
58                clients to use it as well, by defining this registrar in their own core/common library.
59            -->
60            <meta-data
60-->[com.google.firebase:firebase-common:19.5.0] AndroidManifest.xml:43:13-45:85
61                android:name="com.google.firebase.components:com.google.firebase.dynamicloading.DynamicLoadingRegistrar"
61-->[com.google.firebase:firebase-common:19.5.0] AndroidManifest.xml:44:17-121
62                android:value="com.google.firebase.components.ComponentRegistrar" />
62-->[com.google.firebase:firebase-common:19.5.0] AndroidManifest.xml:45:17-82
63        </service>
64
65        <activity
65-->[com.google.android.gms:play-services-base:17.0.0] AndroidManifest.xml:23:9-26:75
66            android:name="com.google.android.gms.common.api.GoogleApiActivity"
66-->[com.google.android.gms:play-services-base:17.0.0] AndroidManifest.xml:24:13-79
67            android:exported="false"
67-->[com.google.android.gms:play-services-base:17.0.0] AndroidManifest.xml:25:13-37
68            android:theme="@android:style/Theme.Translucent.NoTitleBar" />
68-->[com.google.android.gms:play-services-base:17.0.0] AndroidManifest.xml:26:13-72
69
70        <provider
70-->[com.google.firebase:firebase-common:19.5.0] AndroidManifest.xml:26:9-31:39
71            android:name="com.google.firebase.provider.FirebaseInitProvider"
71-->[com.google.firebase:firebase-common:19.5.0] AndroidManifest.xml:27:13-77
72            android:authorities="com.example.crud.firebaseinitprovider"
72-->[com.google.firebase:firebase-common:19.5.0] AndroidManifest.xml:28:13-72
73            android:directBootAware="true"
73-->[com.google.firebase:firebase-common:19.5.0] AndroidManifest.xml:29:13-43
74            android:exported="false"
74-->[com.google.firebase:firebase-common:19.5.0] AndroidManifest.xml:30:13-37
75            android:initOrder="100" />
75-->[com.google.firebase:firebase-common:19.5.0] AndroidManifest.xml:31:13-36
76
77        <meta-data
77-->[com.google.android.gms:play-services-basement:17.0.0] AndroidManifest.xml:23:9-25:69
78            android:name="com.google.android.gms.version"
78-->[com.google.android.gms:play-services-basement:17.0.0] AndroidManifest.xml:24:13-58
79            android:value="@integer/google_play_services_version" />
79-->[com.google.android.gms:play-services-basement:17.0.0] AndroidManifest.xml:25:13-66
80    </application>
81
82</manifest>